<testsuites name="Test run" tests="4" failures="1" errors="1" skipped="1" 
    assertions="20" time="16.082687" timestamp="2021-04-02T15:48:23">

    <testsuite name="Tests.Registration" tests="4" failures="1" errors="1" skipped="1" 
        assertions="20" time="16.082687" timestamp="2021-04-02T15:48:23" 
        file="tests/registration.code">

        <testcase name="testCase8" classname="Tests.Registration" assertions="4"
            time="1.625275" file="tests/registration.code" line="302">
            <skipped type="skipped" message="Test was skipped." />
        </testcase>
        <testcase name="testCase9" classname="Tests.Registration" assertions="4"
            time="1.625275" file="tests/registration.code" line="302">
            <failure message="Expected value did not match." type="AssertionError">
                <!-- Failure description or stack trace -->
            </failure>
        </testcase>
        <testcase name="testCase10" classname="Tests.Registration" assertions="4"
            time="1.625275" file="tests/registration.code" line="302">
            <error message="Division by zero." type="ArithmeticError">
                <!-- Error description or stack trace -->
            </error>
        </testcase>
        <testcase name="testCase11" classname="Tests.Registration" assertions="4"
            time="1.625275" file="tests/registration.code" line="302">
        </testcase>
    </testsuite>
</testsuites>